# JRE version: Java(TM) SE Runtime Environment (8.0_101-b13) (build 1.8.0_101-b13)
# Java VM: Java HotSpot(TM) 64-Bit Server VM (25.101-b13 mixed mode windows-amd64 compressed oops)
Heap:
 PSYoungGen      total 235008K, used 129888K [0x0000000780d00000, 0x0000000794400000, 0x00000007c0000000)
  eden space 220160K, 58% used [0x0000000780d00000,0x0000000788bd82b8,0x000000078e400000)
  from space 14848K, 0% used [0x000000078e400000,0x000000078e400000,0x000000078f280000)
  to   space 15360K, 0% used [0x0000000793500000,0x0000000793500000,0x0000000794400000)
 ParOldGen       total 140800K, used 22560K [0x0000000702600000, 0x000000070af80000, 0x0000000780d00000)
  object space 140800K, 16% used [0x0000000702600000,0x0000000703c08330,0x000000070af80000)
 Metaspace       used 65278K, capacity 68780K, committed 68992K, reserved 1107968K
  class space    used 8919K, capacity 9478K, committed 9600K, reserved 1048576K
GC Heap History (10 events):
Event: 5.926 GC heap before
{Heap before GC invocations=8 (full 1):
 PSYoungGen      total 140800K, used 25309K [0x0000000780d00000, 0x000000078ba00000, 0x00000007c0000000)
  eden space 131584K, 12% used [0x0000000780d00000,0x0000000781cb9000,0x0000000788d80000)
  from space 9216K, 99% used [0x0000000789880000,0x000000078a17e4c8,0x000000078a180000)
  to   space 11264K, 0% used [0x0000000788d80000,0x0000000788d80000,0x0000000789880000)
 ParOldGen       total 72192K, used 8301K [0x0000000702600000, 0x0000000706c80000, 0x0000000780d00000)
  object space 72192K, 11% used [0x0000000702600000,0x0000000702e1b4b8,0x0000000706c80000)
 Metaspace       used 33625K, capacity 35430K, committed 35456K, reserved 1079296K
  class space    used 4391K, capacity 4724K, committed 4736K, reserved 1048576K
Event: 5.936 GC heap after
Heap after GC invocations=8 (full 1):
 PSYoungGen      total 142848K, used 7216K [0x0000000780d00000, 0x0000000790100000, 0x00000007c0000000)
  eden space 131584K, 0% used [0x0000000780d00000,0x0000000780d00000,0x0000000788d80000)
  from space 11264K, 64% used [0x0000000788d80000,0x000000078948c0a8,0x0000000789880000)
  to   space 10752K, 0% used [0x000000078f680000,0x000000078f680000,0x0000000790100000)
 ParOldGen       total 72192K, used 8309K [0x0000000702600000, 0x0000000706c80000, 0x0000000780d00000)
  object space 72192K, 11% used [0x0000000702600000,0x0000000702e1d4b8,0x0000000706c80000)
 Metaspace       used 33625K, capacity 35430K, committed 35456K, reserved 1079296K
  class space    used 4391K, capacity 4724K, committed 4736K, reserved 1048576K
}
Event: 5.936 GC heap before
{Heap before GC invocations=9 (full 2):
 PSYoungGen      total 142848K, used 7216K [0x0000000780d00000, 0x0000000790100000, 0x00000007c0000000)
  eden space 131584K, 0% used [0x0000000780d00000,0x0000000780d00000,0x0000000788d80000)
  from space 11264K, 64% used [0x0000000788d80000,0x000000078948c0a8,0x0000000789880000)
  to   space 10752K, 0% used [0x000000078f680000,0x000000078f680000,0x0000000790100000)
 ParOldGen       total 72192K, used 8309K [0x0000000702600000, 0x0000000706c80000, 0x0000000780d00000)
  object space 72192K, 11% used [0x0000000702600000,0x0000000702e1d4b8,0x0000000706c80000)
 Metaspace       used 33625K, capacity 35430K, committed 35456K, reserved 1079296K
  class space    used 4391K, capacity 4724K, committed 4736K, reserved 1048576K
Event: 5.990 GC heap after
Heap after GC invocations=9 (full 2):
 PSYoungGen      total 142848K, used 0K [0x0000000780d00000, 0x0000000790100000, 0x00000007c0000000)
  eden space 131584K, 0% used [0x0000000780d00000,0x0000000780d00000,0x0000000788d80000)
  from space 11264K, 0% used [0x0000000788d80000,0x0000000788d80000,0x0000000789880000)
  to   space 10752K, 0% used [0x000000078f680000,0x000000078f680000,0x0000000790100000)
 ParOldGen       total 100864K, used 11677K [0x0000000702600000, 0x0000000708880000, 0x0000000780d00000)
  object space 100864K, 11% used [0x0000000702600000,0x0000000703167730,0x0000000708880000)
 Metaspace       used 33625K, capacity 35430K, committed 35456K, reserved 1079296K
  class space    used 4391K, capacity 4724K, committed 4736K, reserved 1048576K
}
Event: 9.591 GC heap before
{Heap before GC invocations=10 (full 2):
 PSYoungGen      total 142848K, used 131584K [0x0000000780d00000, 0x0000000790100000, 0x00000007c0000000)
  eden space 131584K, 100% used [0x0000000780d00000,0x0000000788d80000,0x0000000788d80000)
  from space 11264K, 0% used [0x0000000788d80000,0x0000000788d80000,0x0000000789880000)
  to   space 10752K, 0% used [0x000000078f680000,0x000000078f680000,0x0000000790100000)
 ParOldGen       total 100864K, used 11677K [0x0000000702600000, 0x0000000708880000, 0x0000000780d00000)
  object space 100864K, 11% used [0x0000000702600000,0x0000000703167730,0x0000000708880000)
 Metaspace       used 49905K, capacity 52148K, committed 52352K, reserved 1093632K
  class space    used 6849K, capacity 7243K, committed 7296K, reserved 1048576K
Event: 9.608 GC heap after
Heap after GC invocations=10 (full 2):
 PSYoungGen      total 223232K, used 10746K [0x0000000780d00000, 0x0000000790100000, 0x00000007c0000000)
  eden space 212480K, 0% used [0x0000000780d00000,0x0000000780d00000,0x000000078dc80000)
  from space 10752K, 99% used [0x000000078f680000,0x00000007900feb70,0x0000000790100000)
  to   space 14848K, 0% used [0x000000078e400000,0x000000078e400000,0x000000078f280000)
 ParOldGen       total 100864K, used 18075K [0x0000000702600000, 0x0000000708880000, 0x0000000780d00000)
  object space 100864K, 17% used [0x0000000702600000,0x00000007037a6ff8,0x0000000708880000)
 Metaspace       used 49905K, capacity 52148K, committed 52352K, reserved 1093632K
  class space    used 6849K, capacity 7243K, committed 7296K, reserved 1048576K
}
Event: 10.928 GC heap before
{Heap before GC invocations=11 (full 2):
 PSYoungGen      total 223232K, used 94320K [0x0000000780d00000, 0x0000000790100000, 0x00000007c0000000)
  eden space 212480K, 39% used [0x0000000780d00000,0x0000000785e9d698,0x000000078dc80000)
  from space 10752K, 99% used [0x000000078f680000,0x00000007900feb70,0x0000000790100000)
  to   space 14848K, 0% used [0x000000078e400000,0x000000078e400000,0x000000078f280000)
 ParOldGen       total 100864K, used 18075K [0x0000000702600000, 0x0000000708880000, 0x0000000780d00000)
  object space 100864K, 17% used [0x0000000702600000,0x00000007037a6ff8,0x0000000708880000)
 Metaspace       used 56124K, capacity 58996K, committed 59096K, reserved 1099776K
  class space    used 7733K, capacity 8220K, committed 8320K, reserved 1048576K
Event: 10.947 GC heap after
Heap after GC invocations=11 (full 2):
 PSYoungGen      total 235008K, used 12331K [0x0000000780d00000, 0x0000000794400000, 0x00000007c0000000)
  eden space 220160K, 0% used [0x0000000780d00000,0x0000000780d00000,0x000000078e400000)
  from space 14848K, 83% used [0x000000078e400000,0x000000078f00ade8,0x000000078f280000)
  to   space 15360K, 0% used [0x0000000793500000,0x0000000793500000,0x0000000794400000)
 ParOldGen       total 100864K, used 18083K [0x0000000702600000, 0x0000000708880000, 0x0000000780d00000)
  object space 100864K, 17% used [0x0000000702600000,0x00000007037a8ff8,0x0000000708880000)
 Metaspace       used 56124K, capacity 58996K, committed 59096K, reserved 1099776K
  class space    used 7733K, capacity 8220K, committed 8320K, reserved 1048576K
}
Event: 10.947 GC heap before
{Heap before GC invocations=12 (full 3):
 PSYoungGen      total 235008K, used 12331K [0x0000000780d00000, 0x0000000794400000, 0x00000007c0000000)
  eden space 220160K, 0% used [0x0000000780d00000,0x0000000780d00000,0x000000078e400000)
  from space 14848K, 83% used [0x000000078e400000,0x000000078f00ade8,0x000000078f280000)
  to   space 15360K, 0% used [0x0000000793500000,0x0000000793500000,0x0000000794400000)
 ParOldGen       total 100864K, used 18083K [0x0000000702600000, 0x0000000708880000, 0x0000000780d00000)
  object space 100864K, 17% used [0x0000000702600000,0x00000007037a8ff8,0x0000000708880000)
 Metaspace       used 56124K, capacity 58996K, committed 59096K, reserved 1099776K
  class space    used 7733K, capacity 8220K, committed 8320K, reserved 1048576K
Event: 11.124 GC heap after
Heap after GC invocations=12 (full 3):
 PSYoungGen      total 235008K, used 0K [0x0000000780d00000, 0x0000000794400000, 0x00000007c0000000)
  eden space 220160K, 0% used [0x0000000780d00000,0x0000000780d00000,0x000000078e400000)
  from space 14848K, 0% used [0x000000078e400000,0x000000078e400000,0x000000078f280000)
  to   space 15360K, 0% used [0x0000000793500000,0x0000000793500000,0x0000000794400000)
 ParOldGen       total 140800K, used 22560K [0x0000000702600000, 0x000000070af80000, 0x0000000780d00000)
  object space 140800K, 16% used [0x0000000702600000,0x0000000703c08330,0x000000070af80000)
 Metaspace       used 56124K, capacity 58996K, committed 59096K, reserved 1099776K
  class space    used 7733K, capacity 8220K, committed 8320K, reserved 1048576K
}

