# JRE version: Java(TM) SE Runtime Environment (8.0_101-b13) (build 1.8.0_101-b13)
# Java VM: Java HotSpot(TM) 64-Bit Server VM (25.101-b13 mixed mode windows-amd64 compressed oops)
Heap:
 PSYoungGen      total 215552K, used 132156K [0x0000000780d00000, 0x0000000792f00000, 0x00000007c0000000)
  eden space 201216K, 65% used [0x0000000780d00000,0x0000000788e0f338,0x000000078d180000)
  from space 14336K, 0% used [0x000000078d180000,0x000000078d180000,0x000000078df80000)
  to   space 15360K, 0% used [0x0000000792000000,0x0000000792000000,0x0000000792f00000)
 ParOldGen       total 144384K, used 22875K [0x0000000702600000, 0x000000070b300000, 0x0000000780d00000)
  object space 144384K, 15% used [0x0000000702600000,0x0000000703c56d08,0x000000070b300000)
 Metaspace       used 65400K, capacity 68884K, committed 68992K, reserved 1107968K
  class space    used 8942K, capacity 9510K, committed 9600K, reserved 1048576K
GC Heap History (10 events):
Event: 5.008 GC heap before
{Heap before GC invocations=8 (full 1):
 PSYoungGen      total 130048K, used 28972K [0x0000000780d00000, 0x000000078b500000, 0x00000007c0000000)
  eden space 121344K, 16% used [0x0000000780d00000,0x00000007820ccdb8,0x0000000788380000)
  from space 8704K, 99% used [0x0000000788e80000,0x00000007896fe638,0x0000000789700000)
  to   space 11264K, 0% used [0x0000000788380000,0x0000000788380000,0x0000000788e80000)
 ParOldGen       total 74752K, used 8856K [0x0000000702600000, 0x0000000706f00000, 0x0000000780d00000)
  object space 74752K, 11% used [0x0000000702600000,0x0000000702ea60d0,0x0000000706f00000)
 Metaspace       used 33631K, capacity 35438K, committed 35456K, reserved 1079296K
  class space    used 4395K, capacity 4724K, committed 4736K, reserved 1048576K
Event: 5.022 GC heap after
Heap after GC invocations=8 (full 1):
 PSYoungGen      total 132608K, used 7135K [0x0000000780d00000, 0x000000078ed80000, 0x00000007c0000000)
  eden space 121344K, 0% used [0x0000000780d00000,0x0000000780d00000,0x0000000788380000)
  from space 11264K, 63% used [0x0000000788380000,0x0000000788a77d48,0x0000000788e80000)
  to   space 10752K, 0% used [0x000000078e300000,0x000000078e300000,0x000000078ed80000)
 ParOldGen       total 74752K, used 8864K [0x0000000702600000, 0x0000000706f00000, 0x0000000780d00000)
  object space 74752K, 11% used [0x0000000702600000,0x0000000702ea80d0,0x0000000706f00000)
 Metaspace       used 33631K, capacity 35438K, committed 35456K, reserved 1079296K
  class space    used 4395K, capacity 4724K, committed 4736K, reserved 1048576K
}
Event: 5.022 GC heap before
{Heap before GC invocations=9 (full 2):
 PSYoungGen      total 132608K, used 7135K [0x0000000780d00000, 0x000000078ed80000, 0x00000007c0000000)
  eden space 121344K, 0% used [0x0000000780d00000,0x0000000780d00000,0x0000000788380000)
  from space 11264K, 63% used [0x0000000788380000,0x0000000788a77d48,0x0000000788e80000)
  to   space 10752K, 0% used [0x000000078e300000,0x000000078e300000,0x000000078ed80000)
 ParOldGen       total 74752K, used 8864K [0x0000000702600000, 0x0000000706f00000, 0x0000000780d00000)
  object space 74752K, 11% used [0x0000000702600000,0x0000000702ea80d0,0x0000000706f00000)
 Metaspace       used 33631K, capacity 35438K, committed 35456K, reserved 1079296K
  class space    used 4395K, capacity 4724K, committed 4736K, reserved 1048576K
Event: 5.085 GC heap after
Heap after GC invocations=9 (full 2):
 PSYoungGen      total 132608K, used 0K [0x0000000780d00000, 0x000000078ed80000, 0x00000007c0000000)
  eden space 121344K, 0% used [0x0000000780d00000,0x0000000780d00000,0x0000000788380000)
  from space 11264K, 0% used [0x0000000788380000,0x0000000788380000,0x0000000788e80000)
  to   space 10752K, 0% used [0x000000078e300000,0x000000078e300000,0x000000078ed80000)
 ParOldGen       total 103936K, used 11610K [0x0000000702600000, 0x0000000708b80000, 0x0000000780d00000)
  object space 103936K, 11% used [0x0000000702600000,0x0000000703156880,0x0000000708b80000)
 Metaspace       used 33631K, capacity 35438K, committed 35456K, reserved 1079296K
  class space    used 4395K, capacity 4724K, committed 4736K, reserved 1048576K
}
Event: 8.194 GC heap before
{Heap before GC invocations=10 (full 2):
 PSYoungGen      total 132608K, used 121344K [0x0000000780d00000, 0x000000078ed80000, 0x00000007c0000000)
  eden space 121344K, 100% used [0x0000000780d00000,0x0000000788380000,0x0000000788380000)
  from space 11264K, 0% used [0x0000000788380000,0x0000000788380000,0x0000000788e80000)
  to   space 10752K, 0% used [0x000000078e300000,0x000000078e300000,0x000000078ed80000)
 ParOldGen       total 103936K, used 11610K [0x0000000702600000, 0x0000000708b80000, 0x0000000780d00000)
  object space 103936K, 11% used [0x0000000702600000,0x0000000703156880,0x0000000708b80000)
 Metaspace       used 49256K, capacity 51444K, committed 51840K, reserved 1093632K
  class space    used 6795K, capacity 7177K, committed 7296K, reserved 1048576K
Event: 8.214 GC heap after
Heap after GC invocations=10 (full 2):
 PSYoungGen      total 207360K, used 10728K [0x0000000780d00000, 0x000000078ed80000, 0x00000007c0000000)
  eden space 196608K, 0% used [0x0000000780d00000,0x0000000780d00000,0x000000078cd00000)
  from space 10752K, 99% used [0x000000078e300000,0x000000078ed7a0f0,0x000000078ed80000)
  to   space 14336K, 0% used [0x000000078d180000,0x000000078d180000,0x000000078df80000)
 ParOldGen       total 103936K, used 17532K [0x0000000702600000, 0x0000000708b80000, 0x0000000780d00000)
  object space 103936K, 16% used [0x0000000702600000,0x000000070371f248,0x0000000708b80000)
 Metaspace       used 49256K, capacity 51444K, committed 51840K, reserved 1093632K
  class space    used 6795K, capacity 7177K, committed 7296K, reserved 1048576K
}
Event: 9.724 GC heap before
{Heap before GC invocations=11 (full 2):
 PSYoungGen      total 207360K, used 102308K [0x0000000780d00000, 0x000000078ed80000, 0x00000007c0000000)
  eden space 196608K, 46% used [0x0000000780d00000,0x000000078666f2c8,0x000000078cd00000)
  from space 10752K, 99% used [0x000000078e300000,0x000000078ed7a0f0,0x000000078ed80000)
  to   space 14336K, 0% used [0x000000078d180000,0x000000078d180000,0x000000078df80000)
 ParOldGen       total 103936K, used 17532K [0x0000000702600000, 0x0000000708b80000, 0x0000000780d00000)
  object space 103936K, 16% used [0x0000000702600000,0x000000070371f248,0x0000000708b80000)
 Metaspace       used 56077K, capacity 58988K, committed 59096K, reserved 1099776K
  class space    used 7730K, capacity 8217K, committed 8320K, reserved 1048576K
Event: 9.749 GC heap after
Heap after GC invocations=11 (full 2):
 PSYoungGen      total 215552K, used 12638K [0x0000000780d00000, 0x0000000792f00000, 0x00000007c0000000)
  eden space 201216K, 0% used [0x0000000780d00000,0x0000000780d00000,0x000000078d180000)
  from space 14336K, 88% used [0x000000078d180000,0x000000078ddd7ba0,0x000000078df80000)
  to   space 15360K, 0% used [0x0000000792000000,0x0000000792000000,0x0000000792f00000)
 ParOldGen       total 103936K, used 17540K [0x0000000702600000, 0x0000000708b80000, 0x0000000780d00000)
  object space 103936K, 16% used [0x0000000702600000,0x0000000703721248,0x0000000708b80000)
 Metaspace       used 56077K, capacity 58988K, committed 59096K, reserved 1099776K
  class space    used 7730K, capacity 8217K, committed 8320K, reserved 1048576K
}
Event: 9.749 GC heap before
{Heap before GC invocations=12 (full 3):
 PSYoungGen      total 215552K, used 12638K [0x0000000780d00000, 0x0000000792f00000, 0x00000007c0000000)
  eden space 201216K, 0% used [0x0000000780d00000,0x0000000780d00000,0x000000078d180000)
  from space 14336K, 88% used [0x000000078d180000,0x000000078ddd7ba0,0x000000078df80000)
  to   space 15360K, 0% used [0x0000000792000000,0x0000000792000000,0x0000000792f00000)
 ParOldGen       total 103936K, used 17540K [0x0000000702600000, 0x0000000708b80000, 0x0000000780d00000)
  object space 103936K, 16% used [0x0000000702600000,0x0000000703721248,0x0000000708b80000)
 Metaspace       used 56077K, capacity 58988K, committed 59096K, reserved 1099776K
  class space    used 7730K, capacity 8217K, committed 8320K, reserved 1048576K
Event: 9.939 GC heap after
Heap after GC invocations=12 (full 3):
 PSYoungGen      total 215552K, used 0K [0x0000000780d00000, 0x0000000792f00000, 0x00000007c0000000)
  eden space 201216K, 0% used [0x0000000780d00000,0x0000000780d00000,0x000000078d180000)
  from space 14336K, 0% used [0x000000078d180000,0x000000078d180000,0x000000078df80000)
  to   space 15360K, 0% used [0x0000000792000000,0x0000000792000000,0x0000000792f00000)
 ParOldGen       total 144384K, used 22875K [0x0000000702600000, 0x000000070b300000, 0x0000000780d00000)
  object space 144384K, 15% used [0x0000000702600000,0x0000000703c56d08,0x000000070b300000)
 Metaspace       used 56077K, capacity 58988K, committed 59096K, reserved 1099776K
  class space    used 7730K, capacity 8217K, committed 8320K, reserved 1048576K
}

