# JRE version: Java(TM) SE Runtime Environment (8.0_101-b13) (build 1.8.0_101-b13)
# Java VM: Java HotSpot(TM) 64-Bit Server VM (25.101-b13 mixed mode windows-amd64 compressed oops)
Heap:
 PSYoungGen      total 207872K, used 126978K [0x0000000780d00000, 0x0000000792b00000, 0x00000007c0000000)
  eden space 193536K, 65% used [0x0000000780d00000,0x0000000788900bf0,0x000000078ca00000)
  from space 14336K, 0% used [0x000000078ca00000,0x000000078ca00000,0x000000078d800000)
  to   space 15360K, 0% used [0x0000000791c00000,0x0000000791c00000,0x0000000792b00000)
 ParOldGen       total 151040K, used 22942K [0x0000000702600000, 0x000000070b980000, 0x0000000780d00000)
  object space 151040K, 15% used [0x0000000702600000,0x0000000703c67ab0,0x000000070b980000)
 Metaspace       used 65329K, capacity 68814K, committed 68992K, reserved 1107968K
  class space    used 8944K, capacity 9511K, committed 9600K, reserved 1048576K
GC Heap History (10 events):
Event: 5.420 GC heap before
{Heap before GC invocations=8 (full 1):
 PSYoungGen      total 128000K, used 28889K [0x0000000780d00000, 0x000000078b200000, 0x00000007c0000000)
  eden space 119296K, 16% used [0x0000000780d00000,0x00000007820bb7b8,0x0000000788180000)
  from space 8704K, 99% used [0x0000000788c80000,0x00000007894fada0,0x0000000789500000)
  to   space 11264K, 0% used [0x0000000788180000,0x0000000788180000,0x0000000788c80000)
 ParOldGen       total 75776K, used 8877K [0x0000000702600000, 0x0000000707000000, 0x0000000780d00000)
  object space 75776K, 11% used [0x0000000702600000,0x0000000702eab6f0,0x0000000707000000)
 Metaspace       used 33651K, capacity 35430K, committed 35456K, reserved 1079296K
  class space    used 4396K, capacity 4724K, committed 4736K, reserved 1048576K
Event: 5.429 GC heap after
Heap after GC invocations=8 (full 1):
 PSYoungGen      total 130560K, used 7152K [0x0000000780d00000, 0x000000078e500000, 0x00000007c0000000)
  eden space 119296K, 0% used [0x0000000780d00000,0x0000000780d00000,0x0000000788180000)
  from space 11264K, 63% used [0x0000000788180000,0x000000078887c0b8,0x0000000788c80000)
  to   space 10752K, 0% used [0x000000078da80000,0x000000078da80000,0x000000078e500000)
 ParOldGen       total 75776K, used 8877K [0x0000000702600000, 0x0000000707000000, 0x0000000780d00000)
  object space 75776K, 11% used [0x0000000702600000,0x0000000702eab6f0,0x0000000707000000)
 Metaspace       used 33651K, capacity 35430K, committed 35456K, reserved 1079296K
  class space    used 4396K, capacity 4724K, committed 4736K, reserved 1048576K
}
Event: 5.430 GC heap before
{Heap before GC invocations=9 (full 2):
 PSYoungGen      total 130560K, used 7152K [0x0000000780d00000, 0x000000078e500000, 0x00000007c0000000)
  eden space 119296K, 0% used [0x0000000780d00000,0x0000000780d00000,0x0000000788180000)
  from space 11264K, 63% used [0x0000000788180000,0x000000078887c0b8,0x0000000788c80000)
  to   space 10752K, 0% used [0x000000078da80000,0x000000078da80000,0x000000078e500000)
 ParOldGen       total 75776K, used 8877K [0x0000000702600000, 0x0000000707000000, 0x0000000780d00000)
  object space 75776K, 11% used [0x0000000702600000,0x0000000702eab6f0,0x0000000707000000)
 Metaspace       used 33651K, capacity 35430K, committed 35456K, reserved 1079296K
  class space    used 4396K, capacity 4724K, committed 4736K, reserved 1048576K
Event: 5.481 GC heap after
Heap after GC invocations=9 (full 2):
 PSYoungGen      total 130560K, used 0K [0x0000000780d00000, 0x000000078e500000, 0x00000007c0000000)
  eden space 119296K, 0% used [0x0000000780d00000,0x0000000780d00000,0x0000000788180000)
  from space 11264K, 0% used [0x0000000788180000,0x0000000788180000,0x0000000788c80000)
  to   space 10752K, 0% used [0x000000078da80000,0x000000078da80000,0x000000078e500000)
 ParOldGen       total 105984K, used 11598K [0x0000000702600000, 0x0000000708d80000, 0x0000000780d00000)
  object space 105984K, 10% used [0x0000000702600000,0x0000000703153818,0x0000000708d80000)
 Metaspace       used 33651K, capacity 35430K, committed 35456K, reserved 1079296K
  class space    used 4396K, capacity 4724K, committed 4736K, reserved 1048576K
}
Event: 8.823 GC heap before
{Heap before GC invocations=10 (full 2):
 PSYoungGen      total 130560K, used 119296K [0x0000000780d00000, 0x000000078e500000, 0x00000007c0000000)
  eden space 119296K, 100% used [0x0000000780d00000,0x0000000788180000,0x0000000788180000)
  from space 11264K, 0% used [0x0000000788180000,0x0000000788180000,0x0000000788c80000)
  to   space 10752K, 0% used [0x000000078da80000,0x000000078da80000,0x000000078e500000)
 ParOldGen       total 105984K, used 11598K [0x0000000702600000, 0x0000000708d80000, 0x0000000780d00000)
  object space 105984K, 10% used [0x0000000702600000,0x0000000703153818,0x0000000708d80000)
 Metaspace       used 49149K, capacity 51326K, committed 51584K, reserved 1093632K
  class space    used 6780K, capacity 7170K, committed 7296K, reserved 1048576K
Event: 8.858 GC heap after
Heap after GC invocations=10 (full 2):
 PSYoungGen      total 204288K, used 10751K [0x0000000780d00000, 0x000000078e600000, 0x00000007c0000000)
  eden space 193536K, 0% used [0x0000000780d00000,0x0000000780d00000,0x000000078ca00000)
  from space 10752K, 99% used [0x000000078da80000,0x000000078e4ffd58,0x000000078e500000)
  to   space 14336K, 0% used [0x000000078ca00000,0x000000078ca00000,0x000000078d800000)
 ParOldGen       total 105984K, used 17327K [0x0000000702600000, 0x0000000708d80000, 0x0000000780d00000)
  object space 105984K, 16% used [0x0000000702600000,0x00000007036ebce8,0x0000000708d80000)
 Metaspace       used 49149K, capacity 51326K, committed 51584K, reserved 1093632K
  class space    used 6780K, capacity 7170K, committed 7296K, reserved 1048576K
}
Event: 11.403 GC heap before
{Heap before GC invocations=11 (full 2):
 PSYoungGen      total 204288K, used 104537K [0x0000000780d00000, 0x000000078e600000, 0x00000007c0000000)
  eden space 193536K, 48% used [0x0000000780d00000,0x00000007868969a8,0x000000078ca00000)
  from space 10752K, 99% used [0x000000078da80000,0x000000078e4ffd58,0x000000078e500000)
  to   space 14336K, 0% used [0x000000078ca00000,0x000000078ca00000,0x000000078d800000)
 ParOldGen       total 105984K, used 17327K [0x0000000702600000, 0x0000000708d80000, 0x0000000780d00000)
  object space 105984K, 16% used [0x0000000702600000,0x00000007036ebce8,0x0000000708d80000)
 Metaspace       used 56101K, capacity 58984K, committed 59096K, reserved 1099776K
  class space    used 7740K, capacity 8217K, committed 8320K, reserved 1048576K
Event: 11.434 GC heap after
Heap after GC invocations=11 (full 2):
 PSYoungGen      total 207872K, used 12713K [0x0000000780d00000, 0x0000000792b00000, 0x00000007c0000000)
  eden space 193536K, 0% used [0x0000000780d00000,0x0000000780d00000,0x000000078ca00000)
  from space 14336K, 88% used [0x000000078ca00000,0x000000078d66a790,0x000000078d800000)
  to   space 15360K, 0% used [0x0000000791c00000,0x0000000791c00000,0x0000000792b00000)
 ParOldGen       total 105984K, used 17335K [0x0000000702600000, 0x0000000708d80000, 0x0000000780d00000)
  object space 105984K, 16% used [0x0000000702600000,0x00000007036edce8,0x0000000708d80000)
 Metaspace       used 56101K, capacity 58984K, committed 59096K, reserved 1099776K
  class space    used 7740K, capacity 8217K, committed 8320K, reserved 1048576K
}
Event: 11.434 GC heap before
{Heap before GC invocations=12 (full 3):
 PSYoungGen      total 207872K, used 12713K [0x0000000780d00000, 0x0000000792b00000, 0x00000007c0000000)
  eden space 193536K, 0% used [0x0000000780d00000,0x0000000780d00000,0x000000078ca00000)
  from space 14336K, 88% used [0x000000078ca00000,0x000000078d66a790,0x000000078d800000)
  to   space 15360K, 0% used [0x0000000791c00000,0x0000000791c00000,0x0000000792b00000)
 ParOldGen       total 105984K, used 17335K [0x0000000702600000, 0x0000000708d80000, 0x0000000780d00000)
  object space 105984K, 16% used [0x0000000702600000,0x00000007036edce8,0x0000000708d80000)
 Metaspace       used 56101K, capacity 58984K, committed 59096K, reserved 1099776K
  class space    used 7740K, capacity 8217K, committed 8320K, reserved 1048576K
Event: 11.781 GC heap after
Heap after GC invocations=12 (full 3):
 PSYoungGen      total 207872K, used 0K [0x0000000780d00000, 0x0000000792b00000, 0x00000007c0000000)
  eden space 193536K, 0% used [0x0000000780d00000,0x0000000780d00000,0x000000078ca00000)
  from space 14336K, 0% used [0x000000078ca00000,0x000000078ca00000,0x000000078d800000)
  to   space 15360K, 0% used [0x0000000791c00000,0x0000000791c00000,0x0000000792b00000)
 ParOldGen       total 151040K, used 22942K [0x0000000702600000, 0x000000070b980000, 0x0000000780d00000)
  object space 151040K, 15% used [0x0000000702600000,0x0000000703c67ab0,0x000000070b980000)
 Metaspace       used 56101K, capacity 58984K, committed 59096K, reserved 1099776K
  class space    used 7740K, capacity 8217K, committed 8320K, reserved 1048576K
}

